<?xml version="1.0" encoding="UTF-8"?>
<!-- Generated by org.testng.reporters.JUnitReportReporter -->
<testsuite hostname="DESKTOP-QO4EGD0" failures="0" tests="4" name="testcases.LoginTest" time="38.136" errors="1" timestamp="08 Aug 2022 08:48:46 GMT" skipped="0">
  <testcase classname="testcases.LoginTest" name="test" time="17.040"/>
  <testcase classname="testcases.LoginTest" name="afterTest" time="9.723">
    <error message="com/sun/mail/util/MailLogger" type="java.lang.NoClassDefFoundError">
      <![CDATA[java.lang.NoClassDefFoundError: com/sun/mail/util/MailLogger
	at javax.mail.Session.initLogger(Session.java:261)
	at javax.mail.Session.<init>(Session.java:245)
	at javax.mail.Session.getDefaultInstance(Session.java:356)
	at utility.monitoringMail.sendMail(monitoringMail.java:44)
	at core.Page.afterTest(Page.java:124)
	at java.base/jdk.internal.reflect.NativeMethodAccessorImpl.invoke0(Native Method)
	at java.base/jdk.internal.reflect.NativeMethodAccessorImpl.invoke(NativeMethodAccessorImpl.java:77)
	at java.base/jdk.internal.reflect.DelegatingMethodAccessorImpl.invoke(DelegatingMethodAccessorImpl.java:43)
	at java.base/java.lang.reflect.Method.invoke(Method.java:568)
	at org.testng.internal.MethodInvocationHelper.invokeMethod(MethodInvocationHelper.java:108)
	at org.testng.internal.Invoker.invokeConfigurationMethod(Invoker.java:523)
	at org.testng.internal.Invoker.invokeConfigurations(Invoker.java:224)
	at org.testng.internal.Invoker.invokeConfigurations(Invoker.java:146)
	at org.testng.TestRunner.afterRun(TestRunner.java:958)
	at org.testng.TestRunner.run(TestRunner.java:606)
	at org.testng.SuiteRunner.runTest(SuiteRunner.java:380)
	at org.testng.SuiteRunner.runSequentially(SuiteRunner.java:375)
	at org.testng.SuiteRunner.privateRun(SuiteRunner.java:340)
	at org.testng.SuiteRunner.run(SuiteRunner.java:289)
	at org.testng.SuiteRunnerWorker.runSuite(SuiteRunnerWorker.java:52)
	at org.testng.SuiteRunnerWorker.run(SuiteRunnerWorker.java:86)
	at org.testng.TestNG.runSuitesSequentially(TestNG.java:1301)
	at org.testng.TestNG.runSuitesLocally(TestNG.java:1226)
	at org.testng.TestNG.runSuites(TestNG.java:1144)
	at org.testng.TestNG.run(TestNG.java:1115)
	at org.testng.remote.AbstractRemoteTestNG.run(AbstractRemoteTestNG.java:132)
	at org.testng.remote.RemoteTestNG.initAndRun(RemoteTestNG.java:230)
	at org.testng.remote.RemoteTestNG.main(RemoteTestNG.java:76)
Caused by: java.lang.ClassNotFoundException: com.sun.mail.util.MailLogger
	at java.base/jdk.internal.loader.BuiltinClassLoader.loadClass(BuiltinClassLoader.java:641)
	at java.base/jdk.internal.loader.ClassLoaders$AppClassLoader.loadClass(ClassLoaders.java:188)
	at java.base/java.lang.ClassLoader.loadClass(ClassLoader.java:520)
	... 28 more
]]>
    </error>
  </testcase> <!-- afterTest -->
  <testcase classname="testcases.LoginTest" name="test" time="10.231"/>
  <testcase classname="testcases.LoginTest" name="test" time="1.142"/>
</testsuite> <!-- testcases.LoginTest -->
